[2022-02-11T16:56:50.133] [ERROR] default - Creating company [Process Management and Business Solutions]: SequelizeDatabaseError: el valor null para la columna «name» viola la restricción not null
[2022-02-12T12:12:58.609] [ERROR] default - Creating person [1104056054]: SequelizeDatabaseError: no se puede insertar en la columna «personId»
[2022-02-12T12:16:55.973] [ERROR] default - Creating person [1104056054]: SequelizeDatabaseError: no se puede insertar en la columna «personId»
[2022-02-12T12:19:38.636] [ERROR] default - Creating person [1104056054]: SequelizeDatabaseError: no se puede insertar en la columna «personId»
[2022-02-12T12:20:02.250] [ERROR] default - Creating person [1104056054]: SequelizeDatabaseError: literal de array mal formado: «fffad943fa51652591e913da0841c238c46d7e992c387251234fd8d4c9e3ebad»
[2022-02-14T08:48:17.765] [ERROR] default - Creating person [1105050602]: SequelizeUniqueConstraintError: llave duplicada viola restricción de unicidad «dni»
[2022-02-14T08:48:57.854] [ERROR] default - Creating person [1105050603]: SequelizeUniqueConstraintError: llave duplicada viola restricción de unicidad «dni»
[2022-02-14T08:49:41.891] [ERROR] default - Creating person [1105050659]: SequelizeUniqueConstraintError: llave duplicada viola restricción de unicidad «dni»
[2022-02-14T11:00:45.089] [ERROR] default - Creating user [diego@mail.com]: SequelizeDatabaseError: no existe la columna «updatedAt»
[2022-02-14T11:58:36.874] [ERROR] default - Getting active users: SequelizeDatabaseError: no existe la columna person.lastaNames
[2022-02-14T11:59:13.044] [ERROR] default - Getting active users: SequelizeDatabaseError: no existe la columna role. uuid
[2022-02-14T15:01:04.576] [ERROR] default - Getting active users: TypeError: Cannot read properties of undefined (reading 'userId')
[2022-02-14T15:02:34.359] [ERROR] default - Getting active users: ReferenceError: activePeople is not defined
[2022-02-14T15:11:57.713] [ERROR] default - Getting active users: TypeError: Cannot read properties of undefined (reading 'uuid')
[2022-02-14T17:12:15.905] [ERROR] default - Error while validating token: [JsonWebTokenError: invalid signature]
[2022-02-15T11:48:37.605] [ERROR] default - [Unknown]: Authenticating a user [admin@mail.com]: ReferenceError: details is not defined
[2022-02-15T11:51:38.027] [ERROR] default - [Unknown]: Authenticating a user [admin@mail.com]: SequelizeDatabaseError: no existe la columna «isRenewd»
[2022-02-15T19:45:12.204] [ERROR] default - [Unknown]: Authenticating a user [diego@mail.com]: SequelizeDatabaseError: el valor es demasiado largo para el tipo character varying(500)
[2022-02-16T16:58:00.609] [ERROR] default - Creating client [1]: SequelizeDatabaseError: no existe la columna «hasWhatsapp»
[2022-02-16T17:00:59.227] [ERROR] default - Creating client [5]: SequelizeForeignKeyConstraintError: inserción o actualización en la tabla «client» viola la llave foránea «cli_is_per_FK»
[2022-02-17T14:29:27.600] [ERROR] default - Error while validating token: [TokenExpiredError: jwt expired]
[2022-02-17T14:35:51.226] [ERROR] default - Error while validating token: [TokenExpiredError: jwt expired]
[2022-02-17T15:58:50.266] [ERROR] default - Creating brand [Samsung]: TypeError: Cannot read properties of undefined (reading 'create')
[2022-02-17T16:03:23.538] [ERROR] default - Creating brand [Samsung]: TypeError: Cannot read properties of undefined (reading 'create')
[2022-02-17T16:06:16.956] [ERROR] default - Creating brand [Samsung]: TypeError: Cannot read properties of undefined (reading 'create')
[2022-02-17T16:08:44.043] [ERROR] default - Creating brand [Samsung]: TypeError: Cannot read properties of undefined (reading 'create')
[2022-02-17T17:07:22.148] [ERROR] default - Getting all brands: SequelizeDatabaseError: no existe la columna brand.shorName
[2022-02-17T17:07:40.217] [ERROR] default - Getting all brands: SequelizeDatabaseError: no existe la columna brand.DESC
[2022-02-17T17:11:46.441] [ERROR] default - Error while validating token: [TokenExpiredError: jwt expired]
[2022-02-17T17:11:53.244] [ERROR] default - Error while validating token: [TokenExpiredError: jwt expired]
[2022-02-17T17:15:05.935] [ERROR] default - Error while validating token: [TokenExpiredError: jwt expired]
[2022-02-17T17:15:20.267] [ERROR] default - Deleting brand [14]: ReferenceError: Company is not defined
[2022-02-18T08:50:39.101] [ERROR] default - Creating model [Galaxy A03]: SequelizeDatabaseError: no existe la columna «techSpecification»
[2022-02-18T08:51:03.286] [ERROR] default - Creating model [Galaxy A03]: SequelizeDatabaseError: no existe la columna «techSpecification»
[2022-02-18T09:06:00.737] [ERROR] default - Creating model [Galaxy A03 Core]: SequelizeDatabaseError: no existe la columna «techSpecification» en la relación «model»
[2022-02-18T09:06:35.581] [ERROR] default - Creating model [Galaxy A03 Core]: SequelizeDatabaseError: el valor null para la columna «isActive» viola la restricción not null
[2022-02-18T09:08:13.327] [ERROR] default - Creating model [Galaxy A03 Core]: SequelizeDatabaseError: el valor null para la columna «createdAt» viola la restricción not null
[2022-02-18T11:06:20.560] [ERROR] default - Getting active models: SequelizeDatabaseError: no existe la columna «brandBrandId»
[2022-02-18T11:07:27.164] [ERROR] default - Getting active models: SequelizeDatabaseError: no existe la columna «brandBrandId»
[2022-02-18T11:16:11.231] [ERROR] default - Getting active models: SequelizeDatabaseError: la sintaxis de entrada no es válida para tipo integer: «x»
[2022-02-18T11:24:43.945] [ERROR] default - Getting active models: SequelizeDatabaseError: la sintaxis de entrada no es válida para tipo integer: «x»
[2022-02-18T11:27:58.704] [ERROR] default - Getting active models: SequelizeDatabaseError: la sintaxis de entrada no es válida para tipo integer: «x»
[2022-02-18T12:21:18.986] [ERROR] default - Error while validating token: [TokenExpiredError: jwt expired]
[2022-02-18T16:18:17.054] [ERROR] default - Error while validating token: [TokenExpiredError: jwt expired]
[2022-02-18T16:33:18.035] [ERROR] default - Error while validating token: [TokenExpiredError: jwt expired]
[2022-02-18T16:33:58.929] [ERROR] default - Getting all serviceStatus: SequelizeDatabaseError: no existe la columna company.names
[2022-02-18T16:36:36.578] [ERROR] default - Error while validating token: [TokenExpiredError: jwt expired]
[2022-02-18T16:42:04.604] [ERROR] default - Creating serviceStatus [entregado]: SequelizeUniqueConstraintError: llave duplicada viola restricción de unicidad «statusName»
[2022-02-18T16:43:28.059] [ERROR] default - Creating serviceStatus [entregado]: SequelizeUniqueConstraintError: llave duplicada viola restricción de unicidad «statusName»
[2022-02-18T17:17:45.731] [ERROR] default - Updating service status [15]: ReferenceError: getRoleName is not defined
[2022-02-18T17:18:20.645] [ERROR] default - Updating service status [15]: ReferenceError: lowerCase is not defined
[2022-02-18T17:21:45.053] [ERROR] default - Creating serviceStatus [retenido 2]: SequelizeUniqueConstraintError: llave duplicada viola restricción de unicidad «statusName»
[2022-02-18T17:22:45.072] [ERROR] default - Creating serviceStatus [retenido 3]: SequelizeUniqueConstraintError: llave duplicada viola restricción de unicidad «statusName»
[2022-02-18T17:39:04.638] [ERROR] default - Error while validating token: [TokenExpiredError: jwt expired]
[2022-02-18T17:40:39.579] [ERROR] default - Deleting serviceStatus [6]: ReferenceError: Client is not defined
[2022-02-21T16:18:26.316] [ERROR] default - Error while validating token: [TokenExpiredError: jwt expired]
[2022-02-21T16:18:33.702] [ERROR] default - Error while validating token: [JsonWebTokenError: invalid signature]
[2022-02-21T16:18:39.555] [ERROR] default - Error while validating token: [JsonWebTokenError: invalid signature]
[2022-02-21T16:19:02.442] [ERROR] default - Error while validating token: [JsonWebTokenError: invalid signature]
[2022-02-21T16:49:11.682] [ERROR] default - Error while validating token: [TokenExpiredError: jwt expired]
[2022-02-21T16:58:41.766] [ERROR] default - Creating serviceStatus [Client:1, Model: 3]: TypeError: Client.findOne is not a function
[2022-02-21T17:00:23.134] [ERROR] default - Creating serviceStatus [Client:1, Model: 3]: SequelizeDatabaseError: no existe la columna «techSpecification»
[2022-02-21T17:01:03.635] [ERROR] default - Creating serviceStatus [Client:1, Model: 3]: SequelizeDatabaseError: el valor null para la columna «uuid» viola la restricción not null
[2022-02-21T17:01:56.823] [ERROR] default - Creating serviceStatus [Client:1, Model: 3]: SequelizeDatabaseError: el valor null para la columna «uuid» viola la restricción not null
[2022-02-21T17:03:07.064] [ERROR] default - Creating serviceStatus [Client:1, Model: 3]: SequelizeDatabaseError: el valor null para la columna «uuid» viola la restricción not null
[2022-02-22T07:51:38.477] [ERROR] default - Creating serviceStatus [Client:4, Model: 2]: SequelizeForeignKeyConstraintError: inserción o actualización en la tabla «serviceOrder» viola la llave foránea «ser_has_mod_FK»
[2022-02-22T08:59:11.963] [ERROR] default - Updating service order [15]: Error: Invalid value { model: client, where: { companyId: 4 } }
[2022-02-22T09:01:33.967] [ERROR] default - Updating service order [15]: SequelizeDatabaseError: no existe la columna serviceOrder.updatedAt
[2022-02-22T09:14:55.536] [ERROR] default - Updating service order [7]: ReferenceError: companyIdx is not defined
[2022-02-22T09:26:30.067] [ERROR] default - Updating service order [7]: ReferenceError: roleName is not defined
[2022-02-22T10:36:09.391] [ERROR] default - Error while validating token: [TokenExpiredError: jwt expired]
[2022-02-22T10:36:36.129] [ERROR] default - Changing service order  [3/true]: SequelizeEagerLoadingError: client is not associated to client!
[2022-02-22T11:15:13.018] [ERROR] default - Error while validating token: [TokenExpiredError: jwt expired]
[2022-02-22T14:20:30.847] [ERROR] default - Creating service order detail [4]: SequelizeUniqueConstraintError: llave duplicada viola restricción de unicidad «order_service_UQ»
[2022-02-22T14:49:06.588] [ERROR] default - Updating service order detail [1]: Error: Invalid value { model: client, where: { companyId: 1 } }
[2022-02-22T14:51:19.820] [ERROR] default - Updating service order detail [1]: Error: Invalid value { model: client, where: { companyId: 1 } }
[2022-02-22T15:10:53.300] [ERROR] default - Updating service order detail [7]: Error: WHERE parameter "serviceId" has invalid "undefined" value
[2022-02-22T15:17:25.680] [ERROR] default - Updating service order detail [7]: SequelizeUniqueConstraintError: llave duplicada viola restricción de unicidad «order_service_UQ»
[2022-02-22T17:41:39.805] [ERROR] default - Getting complete service order [undefined]: SequelizeDatabaseError: no existe la columna «undefined»
[2022-02-22T17:42:24.966] [ERROR] default - Getting complete service order [7]: ReferenceError: findDetails is not defined
[2022-02-24T14:34:31.981] [ERROR] default - Error while validating token: [TokenExpiredError: jwt expired]
[2022-02-24T14:36:49.276] [ERROR] default - Getting service status changes for company [1]: TypeError: ServiceStatus.findOn is not a function
[2022-02-24T14:37:52.705] [ERROR] default - Getting service status changes for company [1]: SequelizeDatabaseError: no existe la columna «undefined»
[2022-02-24T14:52:58.643] [ERROR] default - Creating serviceStatus [entregado]: TypeError: Assignment to constant variable.
[2022-02-25T08:31:40.864] [ERROR] default - Creating serviceStatus [Client:3, Model: 5]: ReferenceError: newServiceOrder is not defined
[2022-02-25T08:32:56.261] [ERROR] default - Creating serviceStatus [Client:8, Model: 5]: ReferenceError: newServiceOrder is not defined
[2022-02-25T09:21:48.387] [ERROR] default - Updating service order status [14]: SequelizeDatabaseError: no se puede insertar en la columna «statusChangeId»
[2022-02-25T10:10:28.669] [ERROR] default - Getting service status changes for company [4]: SequelizeDatabaseError: no existe la columna srv.statusId
[2022-02-25T15:57:33.946] [ERROR] default - Error while validating token: [TokenExpiredError: jwt expired]
[2022-02-25T15:57:58.667] [ERROR] default - Error while validating token: [TokenExpiredError: jwt expired]
[2022-02-25T15:58:03.578] [ERROR] default - Error while validating token: [TokenExpiredError: jwt expired]
[2022-02-25T16:05:09.112] [ERROR] default - Updating service order status [17]: Error: WHERE parameter "statusId" has invalid "undefined" value
[2022-02-25T16:09:04.578] [ERROR] default - Updating service order status [17]: TypeError: Cannot read properties of null (reading 'name')
[2022-02-25T16:11:24.626] [ERROR] default - Updating service order status [17]: TypeError: Cannot read properties of null (reading 'name')
[2022-02-25T16:11:45.890] [ERROR] default - Updating service order status [17]: TypeError: Cannot read properties of null (reading 'name')
[2022-02-25T16:13:04.385] [ERROR] default - Updating service order status [17]: TypeError: Cannot read properties of null (reading 'name')
[2022-02-25T16:36:58.207] [ERROR] default - Error while validating token: [TokenExpiredError: jwt expired]
[2022-02-25T16:37:56.253] [ERROR] default - Updating service order status [18]: ReferenceError: message is not defined
[2022-02-25T16:45:28.765] [ERROR] default - Error while validating token: [TokenExpiredError: jwt expired]
[2022-02-26T12:11:22.015] [ERROR] default - Changing service order  [17/false]: SequelizeDatabaseError: no existe la columna «serviceOrderId»
[2022-02-26T12:24:30.144] [ERROR] default - Error while validating token: [TokenExpiredError: jwt expired]
[2022-02-26T12:42:16.251] [ERROR] default - Getting service order history [17]: ReferenceError: User is not defined
[2022-02-27T09:00:24.005] [ERROR] default - Creating survey [1]: ReferenceError: Op is not defined
[2022-02-27T10:11:08.382] [ERROR] default - Changing survey status [3/true]: SequelizeDatabaseError: no existe la columna survey.surveId
[2022-03-01T10:51:53.496] [ERROR] default - Error while validating token: [TokenExpiredError: jwt expired]
[2022-03-01T10:52:24.077] [ERROR] default - Creating question [1]: SequelizeValidationError: string violation: answer cannot be an array or an object
[2022-03-01T11:38:13.891] [ERROR] default - Error while validating token: [TokenExpiredError: jwt expired]
[2022-03-01T11:40:49.997] [ERROR] default - Getting active questions [1]: SequelizeEagerLoadingError: survey is not associated to question!
[2022-03-01T12:51:27.091] [ERROR] default - Updating a question [1]: Error: Invalid value { questionId: '1' }
[2022-03-01T12:52:35.935] [ERROR] default - Updating a question [1]: Error: Invalid value { questionId: '1' }
[2022-03-01T12:53:47.912] [ERROR] default - Updating a question [1]: Error: Invalid value { questionId: '1' }
[2022-03-01T12:54:19.813] [ERROR] default - Updating a question [1]: Error: Invalid value { model: surveyQuestion, include: [ [Object] ] }
[2022-03-01T12:54:56.990] [ERROR] default - Updating a question [1]: Error: Invalid value { model: surveyQuestion, include: [ [Object] ] }
[2022-03-01T12:56:40.254] [ERROR] default - Updating a question [1]: Error: Invalid value { model: surveyQuestion, include: [ [Object] ] }
[2022-03-01T16:23:39.191] [ERROR] default - Updating a question [1]: Error: Invalid value { model: surveyQuestion, include: [ [Object] ] }
[2022-03-01T16:25:17.097] [ERROR] default - Updating a question [1]: Error: Invalid value { model: surveyQuestion, include: [ [Object] ] }
[2022-03-01T16:29:52.472] [ERROR] default - Updating a question [1]: Error: Invalid value { model: surveyQuestion, include: [ [Object] ] }
[2022-03-01T16:31:34.253] [ERROR] default - Updating a question [1]: Error: Invalid value { model: surveyQuestion, include: [ [Object] ] }
[2022-03-01T16:32:15.654] [ERROR] default - Updating a question [1]: Error: Invalid value { model: surveyQuestion, include: [ [Object] ] }
[2022-03-01T16:45:44.617] [ERROR] default - Updating a question [1]: SequelizeDatabaseError: falta una entrada para la tabla «surveyQuestions» en la cláusula FROM
[2022-03-01T17:02:06.127] [ERROR] default - Updating a question [1]: ReferenceError: companyIdx is not defined
[2022-03-01T17:02:23.538] [ERROR] default - Updating a question [1]: SequelizeDatabaseError: no existe la columna question.isActiveX
[2022-03-01T17:10:04.986] [ERROR] default - Updating a question [1]: TypeError: Cannot read properties of undefined (reading 'lenght')
[2022-03-02T08:47:01.727] [ERROR] default - Deleting question [5]: SequelizeForeignKeyConstraintError: update o delete en «question» viola la llave foránea «qtn_belongsTo_svy_FK» en la tabla «surveyQuestion»
[2022-03-02T09:53:22.464] [ERROR] default - [Unknown]: Authenticating a user [admin@mail.com]: SequelizeDatabaseError: relation "user" does not exist
[2022-03-02T11:19:36.284] [ERROR] default - Error while validating token: [TokenExpiredError: jwt expired]
[2022-03-02T11:21:08.724] [ERROR] default - Error while validating token: [JsonWebTokenError: invalid signature]
[2022-03-07T21:29:05.451] [ERROR] default - Error while validating token: [TokenExpiredError: jwt expired]
[2022-03-07T21:29:30.142] [ERROR] default - Error while validating token: [JsonWebTokenError: invalid signature]
[2022-03-07T21:29:46.727] [ERROR] default - Error while validating token: [JsonWebTokenError: invalid signature]
[2022-03-09T16:05:40.350] [ERROR] default - Error while validating token: [TokenExpiredError: jwt expired]
[2022-03-09T16:13:27.693] [ERROR] default - Getting client by DNI: TypeError: Cannot read properties of undefined (reading 'length')
[2022-03-09T16:14:01.424] [ERROR] default - Getting client by DNI: TypeError: Cannot read properties of undefined (reading 'length')
[2022-03-09T16:25:34.346] [ERROR] default - Getting client by DNI: ReferenceError: phone is not defined
[2022-03-09T16:26:06.279] [ERROR] default - Getting client by DNI: ReferenceError: phone is not defined
[2022-03-09T16:26:35.180] [ERROR] default - Getting client by DNI: ReferenceError: phone is not defined
[2022-03-10T08:46:00.054] [ERROR] default - Error while validating token: [JsonWebTokenError: invalid signature]
[2022-03-10T08:55:35.251] [ERROR] default - Creating person [1104056055]: ReferenceError: newPerson is not defined
[2022-03-10T08:59:03.130] [ERROR] default - Creating person [1104056055]: ReferenceError: newPerson is not defined
[2022-03-10T09:07:12.509] [ERROR] default - Creating person [1104056056]: SequelizeUniqueConstraintError: llave duplicada viola restricción de unicidad «dni»
[2022-03-10T21:19:26.081] [ERROR] default - Error while validating token: [JsonWebTokenError: invalid signature]
[2022-03-11T08:54:01.283] [ERROR] default - Error while validating token: [TokenExpiredError: jwt expired]
[2022-03-13T07:48:12.724] [ERROR] default - Error while validating token: [TokenExpiredError: jwt expired]
[2022-03-13T08:00:37.902] [ERROR] default - Error while validating token: [TokenExpiredError: jwt expired]
[2022-03-13T08:00:38.744] [ERROR] default - Error while validating token: [TokenExpiredError: jwt expired]
[2022-03-13T08:00:39.575] [ERROR] default - Error while validating token: [TokenExpiredError: jwt expired]
[2022-03-13T08:00:40.336] [ERROR] default - Error while validating token: [TokenExpiredError: jwt expired]
[2022-03-13T08:00:41.112] [ERROR] default - Error while validating token: [TokenExpiredError: jwt expired]
[2022-03-13T08:00:41.928] [ERROR] default - Error while validating token: [TokenExpiredError: jwt expired]
[2022-03-13T08:00:42.686] [ERROR] default - Error while validating token: [TokenExpiredError: jwt expired]
[2022-03-13T08:00:43.461] [ERROR] default - Error while validating token: [TokenExpiredError: jwt expired]
[2022-03-13T08:00:44.362] [ERROR] default - Error while validating token: [TokenExpiredError: jwt expired]
[2022-03-13T08:00:45.190] [ERROR] default - Error while validating token: [TokenExpiredError: jwt expired]
[2022-03-13T08:00:46.233] [ERROR] default - Error while validating token: [TokenExpiredError: jwt expired]
[2022-03-13T08:00:47.117] [ERROR] default - Error while validating token: [TokenExpiredError: jwt expired]
[2022-03-13T08:00:48.317] [ERROR] default - Error while validating token: [TokenExpiredError: jwt expired]
[2022-03-13T08:00:49.391] [ERROR] default - Error while validating token: [TokenExpiredError: jwt expired]
[2022-03-13T08:00:50.549] [ERROR] default - Error while validating token: [TokenExpiredError: jwt expired]
[2022-03-13T08:00:51.739] [ERROR] default - Error while validating token: [TokenExpiredError: jwt expired]
[2022-03-13T08:00:53.162] [ERROR] default - Error while validating token: [TokenExpiredError: jwt expired]
[2022-03-13T08:00:54.405] [ERROR] default - Error while validating token: [TokenExpiredError: jwt expired]
[2022-03-13T08:00:55.668] [ERROR] default - Error while validating token: [TokenExpiredError: jwt expired]
[2022-03-13T08:00:57.009] [ERROR] default - Error while validating token: [TokenExpiredError: jwt expired]
[2022-03-13T08:00:58.170] [ERROR] default - Error while validating token: [TokenExpiredError: jwt expired]
[2022-03-13T08:00:59.296] [ERROR] default - Error while validating token: [TokenExpiredError: jwt expired]
[2022-03-13T08:06:30.000] [ERROR] default - Error while validating token: [TokenExpiredError: jwt expired]
[2022-03-13T08:07:15.689] [ERROR] default - Error while validating token: [TokenExpiredError: jwt expired]
[2022-03-13T08:08:29.406] [ERROR] default - Error while validating token: [TokenExpiredError: jwt expired]
[2022-03-13T08:09:10.094] [ERROR] default - Error while validating token: [TokenExpiredError: jwt expired]
[2022-03-13T08:17:25.314] [ERROR] default - Error while validating token: [JsonWebTokenError: invalid signature]
[2022-03-14T16:31:19.035] [ERROR] default - Error while validating token: [TokenExpiredError: jwt expired]
[2022-03-14T17:43:07.724] [ERROR] default - Updating person [1104056047]: SequelizeUniqueConstraintError: llave duplicada viola restricción de unicidad «dni»
[2022-03-14T18:01:08.259] [ERROR] default - Changing person status  [undefined/false]: SequelizeDatabaseError: la sintaxis de entrada no es válida para tipo integer: «undefined»
[2022-03-15T15:07:25.883] [ERROR] default - Error while validating token: [TokenExpiredError: jwt expired]
[2022-03-15T15:55:58.202] [ERROR] default - Error while validating token: [TokenExpiredError: jwt expired]
[2022-03-15T16:43:39.302] [ERROR] default - Error while validating token: [JsonWebTokenError: jwt malformed]
[2022-03-15T17:09:03.894] [ERROR] default - Updating person [undefined]: SequelizeDatabaseError: la sintaxis de entrada no es válida para tipo integer: «all»
[2022-03-15T17:10:24.347] [ERROR] default - Error while validating token: [TokenExpiredError: jwt expired]
[2022-03-15T17:11:32.359] [ERROR] default - Updating person [undefined]: SequelizeDatabaseError: la sintaxis de entrada no es válida para tipo integer: «all»
[2022-03-15T17:12:02.257] [ERROR] default - Updating person [undefined]: SequelizeDatabaseError: la sintaxis de entrada no es válida para tipo integer: «all»
